Warning: You are sending unauthenticated requests to the HF Hub. Please set a HF_TOKEN to enable higher rate limits and faster downloads.
/usr/local/lib/python3.12/dist-packages/torch/library.py:356: UserWarning: Warning only once for all operators,  other operators may also be overridden.
  Overriding a previously registered kernel for the same operator and the same dispatch key
  operator: DaoAILab::_causal_conv1d_fwd_cpp(Tensor x, Tensor weight, Tensor? bias, Tensor? seq_idx, Tensor? initial_states, Tensor(a5!) out, Tensor(a6!)? final_states_out, bool silu_activation) -> ()
    registered at /usr/local/lib/python3.12/dist-packages/torch/_library/custom_ops.py:922
  dispatch key: ADInplaceOrView
  previous kernel: no debug info
       new kernel: registered at /usr/local/lib/python3.12/dist-packages/torch/_library/custom_ops.py:922 (Triggered internally at /opt/pytorch/pytorch/aten/src/ATen/core/dispatch/OperatorEntry.cpp:208.)
  self.m.impl(
Loading weights:   0%|          | 0/341 [00:00<?, ?it/s]Loading weights: 100%|██████████| 341/341 [00:00<00:00, 5033.85it/s]
[e2e_raw] B=256 gen=128: 43.77 ms/step, 5,848 tok/s aggregate
Warning: You are sending unauthenticated requests to the HF Hub. Please set a HF_TOKEN to enable higher rate limits and faster downloads.
/usr/local/lib/python3.12/dist-packages/torch/library.py:356: UserWarning: Warning only once for all operators,  other operators may also be overridden.
  Overriding a previously registered kernel for the same operator and the same dispatch key
  operator: DaoAILab::_causal_conv1d_fwd_cpp(Tensor x, Tensor weight, Tensor? bias, Tensor? seq_idx, Tensor? initial_states, Tensor(a5!) out, Tensor(a6!)? final_states_out, bool silu_activation) -> ()
    registered at /usr/local/lib/python3.12/dist-packages/torch/_library/custom_ops.py:922
  dispatch key: ADInplaceOrView
  previous kernel: no debug info
       new kernel: registered at /usr/local/lib/python3.12/dist-packages/torch/_library/custom_ops.py:922 (Triggered internally at /opt/pytorch/pytorch/aten/src/ATen/core/dispatch/OperatorEntry.cpp:208.)
  self.m.impl(
Loading weights:   0%|          | 0/341 [00:00<?, ?it/s]Loading weights: 100%|██████████| 341/341 [00:00<00:00, 19867.73it/s]
[e2e_fresh] fused v4 on 27 mixers (pb=128 c=16 cold=bf16)
[e2e_fresh] B=256 gen=128: 44.46 ms/step, 5,758 tok/s aggregate
Warning: You are sending unauthenticated requests to the HF Hub. Please set a HF_TOKEN to enable higher rate limits and faster downloads.
/usr/local/lib/python3.12/dist-packages/torch/library.py:356: UserWarning: Warning only once for all operators,  other operators may also be overridden.
  Overriding a previously registered kernel for the same operator and the same dispatch key
  operator: DaoAILab::_causal_conv1d_fwd_cpp(Tensor x, Tensor weight, Tensor? bias, Tensor? seq_idx, Tensor? initial_states, Tensor(a5!) out, Tensor(a6!)? final_states_out, bool silu_activation) -> ()
    registered at /usr/local/lib/python3.12/dist-packages/torch/_library/custom_ops.py:922
  dispatch key: ADInplaceOrView
  previous kernel: no debug info
       new kernel: registered at /usr/local/lib/python3.12/dist-packages/torch/_library/custom_ops.py:922 (Triggered internally at /opt/pytorch/pytorch/aten/src/ATen/core/dispatch/OperatorEntry.cpp:208.)
  self.m.impl(
Loading weights:   0%|          | 0/341 [00:00<?, ?it/s]Loading weights: 100%|██████████| 341/341 [00:00<00:00, 19583.45it/s]
[e2e_v4c16] fused v4 on 27 mixers (pb=32 c=16 cold=bf16)
[e2e_v4c16] B=256 gen=128: 46.50 ms/step, 5,505 tok/s aggregate
Warning: You are sending unauthenticated requests to the HF Hub. Please set a HF_TOKEN to enable higher rate limits and faster downloads.
/usr/local/lib/python3.12/dist-packages/torch/library.py:356: UserWarning: Warning only once for all operators,  other operators may also be overridden.
  Overriding a previously registered kernel for the same operator and the same dispatch key
  operator: DaoAILab::_causal_conv1d_fwd_cpp(Tensor x, Tensor weight, Tensor? bias, Tensor? seq_idx, Tensor? initial_states, Tensor(a5!) out, Tensor(a6!)? final_states_out, bool silu_activation) -> ()
    registered at /usr/local/lib/python3.12/dist-packages/torch/_library/custom_ops.py:922
  dispatch key: ADInplaceOrView
  previous kernel: no debug info
       new kernel: registered at /usr/local/lib/python3.12/dist-packages/torch/_library/custom_ops.py:922 (Triggered internally at /opt/pytorch/pytorch/aten/src/ATen/core/dispatch/OperatorEntry.cpp:208.)
  self.m.impl(
Loading weights:   0%|          | 0/341 [00:00<?, ?it/s]Loading weights: 100%|██████████| 341/341 [00:00<00:00, 19417.02it/s]
[e2e_v4c4] fused v4 on 27 mixers (pb=32 c=4 cold=bf16)
[e2e_v4c4] B=256 gen=128: 62.51 ms/step, 4,096 tok/s aggregate
Warning: You are sending unauthenticated requests to the HF Hub. Please set a HF_TOKEN to enable higher rate limits and faster downloads.
/usr/local/lib/python3.12/dist-packages/torch/library.py:356: UserWarning: Warning only once for all operators,  other operators may also be overridden.
  Overriding a previously registered kernel for the same operator and the same dispatch key
  operator: DaoAILab::_causal_conv1d_fwd_cpp(Tensor x, Tensor weight, Tensor? bias, Tensor? seq_idx, Tensor? initial_states, Tensor(a5!) out, Tensor(a6!)? final_states_out, bool silu_activation) -> ()
    registered at /usr/local/lib/python3.12/dist-packages/torch/_library/custom_ops.py:922
  dispatch key: ADInplaceOrView
  previous kernel: no debug info
       new kernel: registered at /usr/local/lib/python3.12/dist-packages/torch/_library/custom_ops.py:922 (Triggered internally at /opt/pytorch/pytorch/aten/src/ATen/core/dispatch/OperatorEntry.cpp:208.)
  self.m.impl(
Loading weights:   0%|          | 0/341 [00:00<?, ?it/s]Loading weights: 100%|██████████| 341/341 [00:00<00:00, 20217.08it/s]
[e2e_v4c16fp8] fused v4 on 27 mixers (pb=32 c=16 cold=fp8)
[e2e_v4c16fp8] B=256 gen=128: 56.21 ms/step, 4,555 tok/s aggregate
Warning: You are sending unauthenticated requests to the HF Hub. Please set a HF_TOKEN to enable higher rate limits and faster downloads.
/usr/local/lib/python3.12/dist-packages/torch/library.py:356: UserWarning: Warning only once for all operators,  other operators may also be overridden.
  Overriding a previously registered kernel for the same operator and the same dispatch key
  operator: DaoAILab::_causal_conv1d_fwd_cpp(Tensor x, Tensor weight, Tensor? bias, Tensor? seq_idx, Tensor? initial_states, Tensor(a5!) out, Tensor(a6!)? final_states_out, bool silu_activation) -> ()
    registered at /usr/local/lib/python3.12/dist-packages/torch/_library/custom_ops.py:922
  dispatch key: ADInplaceOrView
  previous kernel: no debug info
       new kernel: registered at /usr/local/lib/python3.12/dist-packages/torch/_library/custom_ops.py:922 (Triggered internally at /opt/pytorch/pytorch/aten/src/ATen/core/dispatch/OperatorEntry.cpp:208.)
  self.m.impl(
Loading weights:   0%|          | 0/341 [00:00<?, ?it/s]Loading weights: 100%|██████████| 341/341 [00:00<00:00, 18437.33it/s]
[e2e_v4c4fp8] fused v4 on 27 mixers (pb=32 c=4 cold=fp8)
[e2e_v4c4fp8] B=256 gen=128: 76.38 ms/step, 3,352 tok/s aggregate
E2E FUSED DONE
