/usr/local/lib/python3.12/dist-packages/torch/library.py:356: UserWarning: Warning only once for all operators,  other operators may also be overridden.
  Overriding a previously registered kernel for the same operator and the same dispatch key
  operator: flash_attn::_flash_attn_backward(Tensor dout, Tensor q, Tensor k, Tensor v, Tensor out, Tensor softmax_lse, Tensor(a6!)? dq, Tensor(a7!)? dk, Tensor(a8!)? dv, float dropout_p, float softmax_scale, bool causal, SymInt window_size_left, SymInt window_size_right, float softcap, Tensor? alibi_slopes, bool deterministic, Tensor? rng_state=None) -> Tensor
    registered at /usr/local/lib/python3.12/dist-packages/torch/_library/custom_ops.py:922
  dispatch key: ADInplaceOrView
  previous kernel: no debug info
       new kernel: registered at /usr/local/lib/python3.12/dist-packages/torch/_library/custom_ops.py:922 (Triggered internally at /opt/pytorch/pytorch/aten/src/ATen/core/dispatch/OperatorEntry.cpp:208.)
  self.m.impl(
[fixed64] 35.4M params | train 136M tok | budget 2048M tok
[fixed64] step 10000 loss 3.290 (579s) val_ppl: k64:27.31
[fixed64] step 20000 loss 3.323 (1221s) val_ppl: k64:20.34
[fixed64] step 30000 loss 3.132 (2001s) val_ppl: k64:18.34
[fixed64] step 40000 loss 2.958 (2758s) val_ppl: k64:17.13
[fixed64] step 50000 loss 2.952 (3473s) val_ppl: k64:16.09
[fixed64] step 60000 loss 2.985 (3756s) val_ppl: k64:15.90
[fixed64] step 70000 loss 3.034 (4032s) val_ppl: k64:15.65
[fixed64] step 80000 loss 2.737 (4301s) val_ppl: k64:15.47
[fixed64] step 90000 loss 2.888 (4585s) val_ppl: k64:15.16
[fixed64] step 100000 loss 2.756 (5104s) val_ppl: k64:14.63
[fixed64] FINAL val_ppl: k64:14.74
[fixed64] saved gdn_lm_dedic_long.pt
