/usr/local/lib/python3.12/dist-packages/torch/library.py:356: UserWarning: Warning only once for all operators,  other operators may also be overridden.
  Overriding a previously registered kernel for the same operator and the same dispatch key
  operator: flash_attn::_flash_attn_backward(Tensor dout, Tensor q, Tensor k, Tensor v, Tensor out, Tensor softmax_lse, Tensor(a6!)? dq, Tensor(a7!)? dk, Tensor(a8!)? dv, float dropout_p, float softmax_scale, bool causal, SymInt window_size_left, SymInt window_size_right, float softcap, Tensor? alibi_slopes, bool deterministic, Tensor? rng_state=None) -> Tensor
    registered at /usr/local/lib/python3.12/dist-packages/torch/_library/custom_ops.py:922
  dispatch key: ADInplaceOrView
  previous kernel: no debug info
       new kernel: registered at /usr/local/lib/python3.12/dist-packages/torch/_library/custom_ops.py:922 (Triggered internally at /opt/pytorch/pytorch/aten/src/ATen/core/dispatch/OperatorEntry.cpp:208.)
  self.m.impl(
training nested [8, 16, 32, 64] | Ds=[8, 16, 32, 64] vocab=385
step 1500 loss 0.316
D\k       8     16     32     64
8     0.993  1.000  1.000  1.000
16    0.975  0.997  0.999  1.000
32    0.904  0.983  0.995  0.997
64    0.718  0.906  0.968  0.979
step 3000 loss 0.211
D\k       8     16     32     64
8     0.998  0.999  1.000  1.000
16    0.988  0.999  1.000  1.000
32    0.956  0.995  0.999  0.999
64    0.840  0.958  0.991  0.995
step 4500 loss 0.040
D\k       8     16     32     64
8     0.998  0.999  1.000  1.000
16    0.993  1.000  1.000  1.000
32    0.964  0.995  0.999  1.000
64    0.858  0.967  0.992  0.995
step 6000 loss 0.037
D\k       8     16     32     64
8     0.999  1.000  1.000  1.000
16    0.996  1.000  1.000  1.000
32    0.972  0.996  1.000  1.000
64    0.875  0.977  0.995  0.998
FINAL (285s):
D\k       8     16     32     64
8     0.999  1.000  1.000  1.000
16    0.994  1.000  1.000  1.000
32    0.970  0.997  1.000  1.000
64    0.871  0.977  0.996  0.998
saved gdn_a4_nested.pt
