Token indices sequence length is longer than the specified maximum sequence length for this model (218402 > 131072). Running this sequence through the model will result in indexing errors
validation 0 / 2461
val tokens: 265841
train 0 / 1165029
train 20000 / 1165029
train 40000 / 1165029
train 60000 / 1165029
train 80000 / 1165029
train 100000 / 1165029
train 120000 / 1165029
train 140000 / 1165029
train 160000 / 1165029
train 180000 / 1165029
train 200000 / 1165029
train 220000 / 1165029
train 240000 / 1165029
train 260000 / 1165029
train 280000 / 1165029
train 300000 / 1165029
train 320000 / 1165029
train 340000 / 1165029
train 360000 / 1165029
train 380000 / 1165029
train 400000 / 1165029
train 420000 / 1165029
train 440000 / 1165029
train 460000 / 1165029
train 480000 / 1165029
train 500000 / 1165029
train 520000 / 1165029
train 540000 / 1165029
train 560000 / 1165029
train 580000 / 1165029
train 600000 / 1165029
train 620000 / 1165029
train 640000 / 1165029
train 660000 / 1165029
train 680000 / 1165029
train 700000 / 1165029
train 720000 / 1165029
train 740000 / 1165029
train 760000 / 1165029
train 780000 / 1165029
train 800000 / 1165029
train 820000 / 1165029
train 840000 / 1165029
train 860000 / 1165029
train 880000 / 1165029
train 900000 / 1165029
train 920000 / 1165029
train 940000 / 1165029
train 960000 / 1165029
train 980000 / 1165029
train 1000000 / 1165029
train 1020000 / 1165029
train 1040000 / 1165029
train 1060000 / 1165029
train 1080000 / 1165029
train 1100000 / 1165029
train 1120000 / 1165029
train 1140000 / 1165029
train 1160000 / 1165029
train tokens: 125513785
DONE
