[retrain] SMOKE seqlen4096 b1
Warning: You are sending unauthenticated requests to the HF Hub. Please set a HF_TOKEN to enable higher rate limits and faster downloads.
[transformers] The fast path is not available because one of `(selective_state_update, causal_conv1d_fn, causal_conv1d_update)` is None. Falling back to the naive implementation. To install follow https://github.com/state-spaces/mamba/#installation and https://github.com/Dao-AILab/causal-conv1d
Loading weights:   0%|          | 0/341 [00:00<?, ?it/s]Loading weights: 100%|██████████| 341/341 [00:00<00:00, 18929.77it/s]
[nemo9b-rot] wrapped 27 mamba2 mixers
[nemo9b-rot] VALIDATION original=10.64 patched-full=6.98 (patched = OUR chunked scan engine)
[nemo9b-rot] PRE-FT ppl vs width: k16:257.66 k32:292.32 k64:2071.79 k128:6.98
[nemo9b-rot] resumed R from nemo9b_rot_p4long.pt: k16:7.84 k32:7.29 k64:7.09 k128:6.98
[nemo9b-rot] step 2 loss 1.883 orth 0.0000 (5s) k16:7.85 k32:7.29 k64:7.09 k128:6.98
[nemo9b-rot] step 4 loss 2.535 orth 0.0000 (67s) k16:7.84 k32:7.29 k64:7.09 k128:6.98
[nemo9b-rot] FINAL k16:7.84 k32:7.29 k64:7.09 k128:6.98
[nemo9b-rot] saved /tmp/smoke_lc.pt
[retrain] SMOKE OK -> full 800 steps, save every 200 (crash-safe)
Warning: You are sending unauthenticated requests to the HF Hub. Please set a HF_TOKEN to enable higher rate limits and faster downloads.
[transformers] The fast path is not available because one of `(selective_state_update, causal_conv1d_fn, causal_conv1d_update)` is None. Falling back to the naive implementation. To install follow https://github.com/state-spaces/mamba/#installation and https://github.com/Dao-AILab/causal-conv1d
Loading weights:   0%|          | 0/341 [00:00<?, ?it/s]Loading weights: 100%|██████████| 341/341 [00:00<00:00, 18790.01it/s]
[nemo9b-rot] wrapped 27 mamba2 mixers
[nemo9b-rot] VALIDATION original=10.64 patched-full=6.98 (patched = OUR chunked scan engine)
[nemo9b-rot] PRE-FT ppl vs width: k16:257.66 k32:292.32 k64:2071.79 k128:6.98
[nemo9b-rot] resumed R from nemo9b_rot_p4long.pt: k16:7.84 k32:7.29 k64:7.09 k128:6.98
[nemo9b-rot] step 200 loss 2.545 orth 0.0000 (2348s) k16:8.64 k32:7.94 k64:7.50 k128:6.99
[nemo9b-rot] [ckpt] saved nemo9b_rot_longcot.pt @ step 200
[nemo9b-rot] step 400 loss 2.369 orth 0.0000 (5106s) k16:8.76 k32:7.86 k64:7.58 k128:6.98
[nemo9b-rot] [ckpt] saved nemo9b_rot_longcot.pt @ step 400
[nemo9b-rot] step 600 loss 2.218 orth 0.0000 (7486s) k16:8.76 k32:7.71 k64:7.22 k128:6.97
[nemo9b-rot] [ckpt] saved nemo9b_rot_longcot.pt @ step 600
[nemo9b-rot] step 800 loss 2.605 orth 0.0000 (10196s) k16:8.62 k32:7.71 k64:7.25 k128:6.98
[nemo9b-rot] [ckpt] saved nemo9b_rot_longcot.pt @ step 800
[nemo9b-rot] FINAL k16:8.62 k32:7.71 k64:7.25 k128:6.98
[nemo9b-rot] saved nemo9b_rot_longcot.pt
RETRAIN LONGCOT DONE
