device=cuda mode=delta widths=[2, 4, 8, 16, 32] head_dim=32 layers=2 heads=1 Ds=[4, 8, 16, 32]

=== H1/H2: ONE nested model, recall(width, D) grid ===
[nested] step 2000 loss 0.347
D\k       2      4      8     16     32
4     0.479  0.875  0.984  1.000  1.000
8     0.280  0.658  0.911  0.997  1.000
16    0.164  0.371  0.696  0.971  0.997
32    0.101  0.201  0.392  0.812  0.959
[nested] step 4000 loss 1.726
D\k       2      4      8     16     32
4     0.471  0.854  0.987  1.000  1.000
8     0.289  0.663  0.939  0.999  1.000
16    0.170  0.391  0.740  0.984  0.997
32    0.104  0.217  0.446  0.866  0.976
[nested] step 6000 loss 0.685
D\k       2      4      8     16     32
4     0.792  0.979  1.000  1.000  1.000
8     0.575  0.894  0.988  1.000  1.000
16    0.313  0.681  0.912  0.989  0.997
32    0.170  0.397  0.672  0.924  0.975
[nested] FINAL (1754s):
D\k       2      4      8     16     32
4     0.791  0.974  0.998  1.000  1.000
8     0.561  0.893  0.984  1.000  1.000
16    0.324  0.690  0.918  0.992  0.998
32    0.179  0.404  0.680  0.924  0.979

===== E6 STALE SWEEP — (a) cold-only stale (dims>8, hot fresh) =====
--- stale c=1 ---
D\k      16     32
4     1.000  0.994
8     0.999  0.996
16    0.992  0.996
32    0.921  0.973
    age(D=16,k=32): 1-4:0.88  5-8:1.00  9-16:1.00  17-32:1.00  33-+:1.00
    age(D=32,k=32): 1-4:0.83  5-8:0.99  9-16:0.99  17-32:0.98  33-+:0.97
--- stale c=2 ---
D\k      16     32
4     1.000  0.988
8     0.998  0.992
16    0.990  0.992
32    0.922  0.973
    age(D=16,k=32): 1-4:0.79  5-8:1.00  9-16:1.00  17-32:1.00  33-+:1.00
    age(D=32,k=32): 1-4:0.79  5-8:0.99  9-16:0.99  17-32:0.98  33-+:0.97
--- stale c=4 ---
D\k      16     32
4     1.000  0.986
8     0.997  0.983
16    0.989  0.952
32    0.920  0.479
    age(D=16,k=32): 1-4:0.50  5-8:0.97  9-16:0.95  17-32:0.95  33-+:0.96
    age(D=32,k=32): 1-4:0.19  5-8:0.51  9-16:0.48  17-32:0.49  33-+:0.50
--- stale c=8 ---
D\k      16     32
4     0.999  0.986
8     0.997  0.965
16    0.983  0.808
32    0.915  0.064
    age(D=16,k=32): 1-4:0.39  5-8:0.62  9-16:0.81  17-32:0.81  33-+:0.85
    age(D=32,k=32): 1-4:0.03  5-8:0.03  9-16:0.04  17-32:0.05  33-+:0.08
--- stale c=16 ---
D\k      16     32
4     0.999  0.999
8     0.990  0.955
16    0.978  0.920
32    0.904  0.253
    age(D=16,k=32): 1-4:0.48  5-8:0.75  9-16:0.84  17-32:0.96  33-+:0.97
    age(D=32,k=32): 1-4:0.11  5-8:0.17  9-16:0.20  17-32:0.24  33-+:0.29

===== E6 STALE SWEEP — (c1) ALL state stale, conv fresh, exact-corr [Config B] =====
--- stale c=1 ---
D\k      16     32
4     0.989  0.985
8     0.994  0.993
16    0.991  0.994
32    0.924  0.974
    age(D=16,k=32): 1-4:0.85  5-8:1.00  9-16:1.00  17-32:1.00  33-+:1.00
    age(D=32,k=32): 1-4:0.83  5-8:0.98  9-16:0.99  17-32:0.98  33-+:0.97
--- stale c=2 ---
D\k      16     32
4     0.978  0.969
8     0.986  0.984
16    0.987  0.991
32    0.921  0.972
    age(D=16,k=32): 1-4:0.65  5-8:1.00  9-16:1.00  17-32:1.00  33-+:1.00
    age(D=32,k=32): 1-4:0.64  5-8:1.00  9-16:0.99  17-32:0.98  33-+:0.97
--- stale c=4 ---
D\k      16     32
4     0.954  0.941
8     0.971  0.967
16    0.978  0.984
32    0.915  0.970
    age(D=16,k=32): 1-4:0.36  5-8:1.00  9-16:1.00  17-32:1.00  33-+:1.00
    age(D=32,k=32): 1-4:0.31  5-8:0.99  9-16:0.99  17-32:0.99  33-+:0.97
--- stale c=8 ---
D\k      16     32
4     0.906  0.900
8     0.944  0.938
16    0.967  0.970
32    0.911  0.961
    age(D=16,k=32): 1-4:0.32  5-8:0.70  9-16:1.00  17-32:1.00  33-+:1.00
    age(D=32,k=32): 1-4:0.42  5-8:0.72  9-16:0.99  17-32:0.98  33-+:0.97
--- stale c=16 ---
D\k      16     32
4     0.500  0.500
8     0.886  0.882
16    0.935  0.936
32    0.904  0.949
    age(D=16,k=32): 1-4:0.34  5-8:0.73  9-16:0.85  17-32:1.00  33-+:1.00
    age(D=32,k=32): 1-4:0.44  5-8:0.73  9-16:0.83  17-32:0.98  33-+:0.98
