device=cuda mode=delta widths=[2, 4, 8, 16, 32] head_dim=32 layers=2 heads=1 Ds=[4, 8, 16, 32]

=== E8: 'pretrained' proxy = fixed-32 model ===
[pretrain32] step 1500 loss 0.068
D\k      32
4     1.000
8     1.000
16    1.000
32    0.981
[pretrain32] step 3000 loss 0.022
D\k      32
4     1.000
8     1.000
16    1.000
32    0.992
[pretrain32] FINAL (281s):
D\k      32
4     1.000
8     1.000
16    0.999
32    0.992

--- BEFORE adaptation: pretrained model truncated to each width ---
D\k       2      4      8     16     32
4     0.068  0.363  0.817  0.996  1.000
8     0.044  0.304  0.753  0.986  1.000
16    0.040  0.257  0.650  0.949  1.000
32    0.026  0.180  0.484  0.838  0.990

--- rotation-only Matryoshka FT (backbone frozen) ---
[e8-rot] step 1500 loss 0.419
D\k       2      4      8     16     32
4     0.605  0.901  0.987  1.000  1.000
8     0.505  0.783  0.966  0.998  1.000
16    0.355  0.585  0.849  0.984  0.999
32    0.232  0.440  0.680  0.899  0.992
[e8-rot] step 3000 loss 1.445
D\k       2      4      8     16     32
4     0.625  0.901  0.990  1.000  1.000
8     0.499  0.798  0.957  0.999  1.000
16    0.358  0.620  0.868  0.985  0.999
32    0.239  0.430  0.684  0.910  0.992
[e8-rot] FINAL (852s):
D\k       2      4      8     16     32
4     0.624  0.901  0.990  1.000  1.000
8     0.489  0.787  0.958  0.999  1.000
16    0.357  0.624  0.865  0.985  1.000
32    0.244  0.432  0.687  0.919  0.990
  layer0 ||R^T R - I||_F = 0.528
  layer1 ||R^T R - I||_F = 0.065

===== E6 STALE SWEEP — (a) cold-only stale (dims>8, hot fresh) =====
--- stale c=1 ---
D\k      16     32
4     0.998  0.997
8     0.993  0.990
16    0.974  0.983
32    0.906  0.970
    age(D=16,k=32): 1-4:0.95  5-8:1.00  9-16:1.00  17-32:1.00  33-+:1.00
    age(D=32,k=32): 1-4:0.90  5-8:1.00  9-16:1.00  17-32:0.99  33-+:0.97
--- stale c=2 ---
D\k      16     32
4     0.994  0.991
8     0.982  0.981
16    0.951  0.968
32    0.868  0.946
    age(D=16,k=32): 1-4:0.92  5-8:1.00  9-16:1.00  17-32:0.99  33-+:0.99
    age(D=32,k=32): 1-4:0.87  5-8:0.99  9-16:0.99  17-32:0.97  33-+:0.93
--- stale c=4 ---
D\k      16     32
4     0.873  0.833
8     0.759  0.726
16    0.574  0.551
32    0.384  0.368
    age(D=16,k=32): 1-4:0.67  5-8:0.59  9-16:0.55  17-32:0.41  33-+:0.27
    age(D=32,k=32): 1-4:0.59  5-8:0.47  9-16:0.42  17-32:0.26  33-+:0.15
--- stale c=8 ---
D\k      16     32
4     0.846  0.857
8     0.706  0.722
16    0.495  0.515
32    0.308  0.326
    age(D=16,k=32): 1-4:0.68  5-8:0.61  9-16:0.56  17-32:0.31  33-+:0.10
    age(D=32,k=32): 1-4:0.61  5-8:0.48  9-16:0.40  17-32:0.18  33-+:0.04
--- stale c=16 ---
D\k      16     32
4     0.946  0.948
8     0.883  0.891
16    0.671  0.699
32    0.403  0.433
    age(D=16,k=32): 1-4:0.77  5-8:0.72  9-16:0.70  17-32:0.63  33-+:0.45
    age(D=32,k=32): 1-4:0.67  5-8:0.56  9-16:0.52  17-32:0.39  33-+:0.11

===== E6 STALE SWEEP — (c1) ALL state stale, conv fresh, exact-corr [Config B] =====
--- stale c=1 ---
D\k      16     32
4     0.887  0.887
8     0.868  0.870
16    0.871  0.882
32    0.824  0.893
    age(D=16,k=32): 1-4:0.61  5-8:1.00  9-16:1.00  17-32:1.00  33-+:1.00
    age(D=32,k=32): 1-4:0.56  5-8:1.00  9-16:1.00  17-32:0.99  33-+:0.98
--- stale c=2 ---
D\k      16     32
4     0.807  0.807
8     0.801  0.802
16    0.817  0.828
32    0.802  0.867
    age(D=16,k=32): 1-4:0.45  5-8:1.00  9-16:1.00  17-32:1.00  33-+:1.00
    age(D=32,k=32): 1-4:0.44  5-8:1.00  9-16:1.00  17-32:0.99  33-+:0.98
--- stale c=4 ---
D\k      16     32
4     0.768  0.768
8     0.754  0.755
16    0.777  0.787
32    0.774  0.834
    age(D=16,k=32): 1-4:0.32  5-8:1.00  9-16:1.00  17-32:1.00  33-+:1.00
    age(D=32,k=32): 1-4:0.28  5-8:1.00  9-16:1.00  17-32:0.99  33-+:0.98
--- stale c=8 ---
D\k      16     32
4     0.505  0.505
8     0.553  0.554
16    0.647  0.653
32    0.700  0.754
    age(D=16,k=32): 1-4:0.11  5-8:0.63  9-16:1.00  17-32:1.00  33-+:1.00
    age(D=32,k=32): 1-4:0.11  5-8:0.65  9-16:1.00  17-32:0.99  33-+:0.98
--- stale c=16 ---
D\k      16     32
4     0.255  0.255
8     0.323  0.323
16    0.469  0.473
32    0.586  0.632
    age(D=16,k=32): 1-4:0.04  5-8:0.21  9-16:0.62  17-32:1.00  33-+:1.00
    age(D=32,k=32): 1-4:0.05  5-8:0.26  9-16:0.66  17-32:0.99  33-+:0.98
