device=cuda mode=delta widths=[2, 4, 8, 16, 32] head_dim=32 layers=2 heads=1 Ds=[4, 8, 16, 32]

=== H1/H2: ONE nested model, recall(width, D) grid ===
[nested] step 1000 loss 0.817
D\k       2      4      8     16     32
4     0.273  0.480  0.903  0.996  0.999
8     0.161  0.271  0.697  0.975  0.990
16    0.109  0.159  0.424  0.862  0.954
32    0.062  0.100  0.216  0.543  0.729
[nested] step 2000 loss 0.691
D\k       2      4      8     16     32
4     0.473  0.867  0.972  1.000  1.000
8     0.275  0.650  0.928  0.994  1.000
16    0.158  0.375  0.715  0.971  0.997
32    0.109  0.207  0.396  0.804  0.953
[nested] step 3000 loss 0.307
D\k       2      4      8     16     32
4     0.471  0.858  0.984  0.999  1.000
8     0.285  0.642  0.912  0.999  1.000
16    0.165  0.393  0.720  0.977  0.997
32    0.096  0.199  0.427  0.848  0.966
[nested] FINAL (920s):
D\k       2      4      8     16     32
4     0.475  0.864  0.983  1.000  1.000
8     0.271  0.641  0.917  0.998  1.000
16    0.165  0.380  0.732  0.980  0.998
32    0.110  0.207  0.427  0.853  0.970

===== E6 STALE SWEEP — scope: cold-only (dims>8) =====
--- stale c=1 ---
D\k      16     32
4     0.999  0.999
8     0.997  0.998
16    0.980  0.994
32    0.855  0.968
--- stale c=2 ---
D\k      16     32
4     0.999  0.997
8     0.997  0.995
16    0.977  0.990
32    0.848  0.967
--- stale c=4 ---
D\k      16     32
4     0.998  0.995
8     0.993  0.990
16    0.976  0.981
32    0.853  0.589
--- stale c=8 ---
D\k      16     32
4     0.995  0.990
8     0.989  0.982
16    0.962  0.726
32    0.842  0.145
--- stale c=16 ---
D\k      16     32
4     0.992  0.992
8     0.974  0.962
16    0.941  0.747
32    0.831  0.278

===== E6 STALE SWEEP — scope: ALL dims (uniform chunking) =====
--- stale c=1 ---
D\k      16     32
4     0.984  0.984
8     0.991  0.992
16    0.976  0.993
32    0.855  0.967
--- stale c=2 ---
D\k      16     32
4     0.970  0.970
8     0.983  0.984
16    0.975  0.991
32    0.849  0.964
--- stale c=4 ---
D\k      16     32
4     0.939  0.940
8     0.966  0.968
16    0.967  0.944
32    0.845  0.167
--- stale c=8 ---
D\k      16     32
4     0.880  0.880
8     0.939  0.940
16    0.951  0.506
32    0.842  0.026
--- stale c=16 ---
D\k      16     32
4     0.500  0.500
8     0.870  0.872
16    0.909  0.533
32    0.819  0.156
