device=cuda mode=delta widths=[2, 4, 8, 16, 32] head_dim=32 layers=2 heads=1 Ds=[4, 8, 16, 32]

=== E8: 'pretrained' proxy = fixed-32 model ===
[pretrain32] step 1000 loss 0.011
D\k      32
4     0.997
8     0.991
16    0.982
32    0.865
[pretrain32] step 2000 loss 0.004
D\k      32
4     0.999
8     0.998
16    0.997
32    0.962
[pretrain32] step 3000 loss 0.001
D\k      32
4     0.999
8     0.999
16    0.997
32    0.977
[pretrain32] FINAL (264s):
D\k      32
4     1.000
8     0.999
16    0.997
32    0.975

--- BEFORE adaptation: pretrained model truncated to each width ---
D\k       2      4      8     16     32
4     0.015  0.066  0.460  0.800  1.000
8     0.013  0.062  0.383  0.725  0.999
16    0.019  0.067  0.284  0.633  0.996
32    0.016  0.071  0.188  0.460  0.975

--- rotation-only Matryoshka FT (backbone frozen) ---
[e8-rot] step 1000 loss 1.171
D\k       2      4      8     16     32
4     0.345  0.615  0.950  0.995  1.000
8     0.226  0.448  0.852  0.989  0.999
16    0.118  0.263  0.663  0.964  0.998
32    0.076  0.152  0.403  0.816  0.975
[e8-rot] step 2000 loss 1.148
D\k       2      4      8     16     32
4     0.330  0.607  0.938  0.997  1.000
8     0.223  0.453  0.865  0.988  0.999
16    0.128  0.259  0.646  0.963  0.996
32    0.071  0.135  0.396  0.831  0.975
[e8-rot] step 3000 loss 1.569
D\k       2      4      8     16     32
4     0.366  0.611  0.936  0.994  1.000
8     0.218  0.449  0.853  0.991  0.999
16    0.123  0.252  0.665  0.967  0.998
32    0.082  0.143  0.389  0.830  0.976
[e8-rot] FINAL (678s):
D\k       2      4      8     16     32
4     0.362  0.625  0.947  0.995  0.999
8     0.224  0.445  0.852  0.987  0.998
16    0.126  0.264  0.659  0.966  0.997
32    0.078  0.148  0.400  0.824  0.975
  layer0 ||R^T R - I||_F = 0.446
  layer1 ||R^T R - I||_F = 0.092
