device=cuda mode=delta widths=[2, 4, 8, 16, 32] head_dim=32 layers=2 heads=1 Ds=[4, 8, 16, 32]

=== FIXED-ONLY baseline width=32 (delta) ===
[fixed32] step 3000 loss 0.001
D\k      32
4     1.000
8     1.000
16    1.000
32    0.994
[fixed32] step 6000 loss 0.000
D\k      32
4     1.000
8     1.000
16    1.000
32    0.994
[fixed32] FINAL (366s):
D\k      32
4     1.000
8     1.000
16    1.000
32    0.996

===== E6 STALE SWEEP — (a) cold-only stale (dims>8, hot fresh) =====
--- stale c=1 ---
D\k      32
4     0.982
8     0.969
16    0.960
32    0.960
    age(D=16,k=32): 1-4:0.88  5-8:1.00  9-16:1.00  17-32:1.00  33-+:1.00
    age(D=32,k=32): 1-4:0.83  5-8:1.00  9-16:1.00  17-32:1.00  33-+:0.99
--- stale c=2 ---
D\k      32
4     0.971
8     0.959
16    0.952
32    0.951
    age(D=16,k=32): 1-4:0.84  5-8:1.00  9-16:1.00  17-32:1.00  33-+:1.00
    age(D=32,k=32): 1-4:0.78  5-8:1.00  9-16:1.00  17-32:1.00  33-+:0.99
--- stale c=4 ---
D\k      32
4     0.954
8     0.932
16    0.928
32    0.927
    age(D=16,k=32): 1-4:0.77  5-8:1.00  9-16:1.00  17-32:1.00  33-+:1.00
    age(D=32,k=32): 1-4:0.70  5-8:1.00  9-16:1.00  17-32:1.00  33-+:0.99
--- stale c=8 ---
D\k      32
4     0.907
8     0.888
16    0.881
32    0.894
    age(D=16,k=32): 1-4:0.71  5-8:0.85  9-16:1.00  17-32:1.00  33-+:1.00
    age(D=32,k=32): 1-4:0.64  5-8:0.80  9-16:1.00  17-32:1.00  33-+:0.99
--- stale c=16 ---
D\k      32
4     0.892
8     0.850
16    0.829
32    0.837
    age(D=16,k=32): 1-4:0.71  5-8:0.71  9-16:0.84  17-32:1.00  33-+:1.00
    age(D=32,k=32): 1-4:0.64  5-8:0.65  9-16:0.81  17-32:0.99  33-+:0.99

===== E6 STALE SWEEP — (c1) ALL state stale, conv fresh, exact-corr [Config B] =====
--- stale c=1 ---
D\k      32
4     0.891
8     0.875
16    0.879
32    0.896
    age(D=16,k=32): 1-4:0.62  5-8:1.00  9-16:1.00  17-32:1.00  33-+:1.00
    age(D=32,k=32): 1-4:0.56  5-8:1.00  9-16:1.00  17-32:1.00  33-+:0.99
--- stale c=2 ---
D\k      32
4     0.804
8     0.803
16    0.830
32    0.868
    age(D=16,k=32): 1-4:0.46  5-8:1.00  9-16:1.00  17-32:1.00  33-+:1.00
    age(D=32,k=32): 1-4:0.44  5-8:1.00  9-16:1.00  17-32:1.00  33-+:0.99
--- stale c=4 ---
D\k      32
4     0.763
8     0.756
16    0.788
32    0.843
    age(D=16,k=32): 1-4:0.32  5-8:1.00  9-16:1.00  17-32:1.00  33-+:1.00
    age(D=32,k=32): 1-4:0.29  5-8:1.00  9-16:1.00  17-32:1.00  33-+:0.99
--- stale c=8 ---
D\k      32
4     0.509
8     0.557
16    0.655
32    0.761
    age(D=16,k=32): 1-4:0.11  5-8:0.62  9-16:1.00  17-32:1.00  33-+:1.00
    age(D=32,k=32): 1-4:0.13  5-8:0.67  9-16:1.00  17-32:1.00  33-+:0.99
--- stale c=16 ---
D\k      32
4     0.257
8     0.327
16    0.477
32    0.632
    age(D=16,k=32): 1-4:0.04  5-8:0.21  9-16:0.62  17-32:1.00  33-+:1.00
    age(D=32,k=32): 1-4:0.05  5-8:0.27  9-16:0.65  17-32:1.00  33-+:1.00
