device=cuda mode=pipedelta widths=[2, 4, 8, 16, 32] head_dim=32 layers=2 heads=1 Ds=[4, 8, 16, 32]

=== H1/H2: ONE nested model, recall(width, D) grid ===
[nested] step  500 loss 4.096
D\k       2      4      8     16     32
4     0.130  0.143  0.142  0.145  0.145
8     0.071  0.084  0.087  0.082  0.082
16    0.043  0.051  0.053  0.054  0.055
32    0.026  0.027  0.033  0.035  0.029
[nested] step 1000 loss 0.639
D\k       2      4      8     16     32
4     0.261  0.674  0.966  0.999  0.999
8     0.169  0.404  0.857  0.984  0.994
16    0.094  0.221  0.606  0.892  0.966
32    0.067  0.134  0.323  0.633  0.823
[nested] step 1500 loss 1.926
D\k       2      4      8     16     32
4     0.440  0.830  0.985  0.999  1.000
8     0.267  0.597  0.938  0.996  0.999
16    0.155  0.337  0.752  0.963  0.989
32    0.101  0.203  0.448  0.780  0.927
[nested] step 2000 loss 0.644
D\k       2      4      8     16     32
4     0.499  0.880  0.995  0.999  1.000
8     0.283  0.660  0.953  0.999  0.999
16    0.178  0.394  0.781  0.974  0.991
32    0.117  0.231  0.487  0.822  0.948
[nested] step 2500 loss 0.593
D\k       2      4      8     16     32
4     0.590  0.902  0.993  1.000  1.000
8     0.354  0.706  0.963  0.995  0.998
16    0.199  0.422  0.825  0.984  0.995
32    0.113  0.221  0.490  0.850  0.972
[nested] step 3000 loss 1.012
D\k       2      4      8     16     32
4     0.596  0.897  0.995  1.000  0.999
8     0.355  0.727  0.971  0.999  0.999
16    0.218  0.442  0.814  0.988  0.997
32    0.128  0.235  0.520  0.846  0.952
[nested] FINAL (870s):
D\k       2      4      8     16     32
4     0.605  0.901  0.994  1.000  1.000
8     0.368  0.716  0.967  0.998  0.999
16    0.210  0.451  0.828  0.984  0.996
32    0.131  0.238  0.526  0.853  0.961
