device=cuda mode=delta widths=[2, 4, 8, 16, 32] head_dim=32 layers=2 heads=1 Ds=[4, 8, 16, 32]

=== H1/H2: ONE nested model, recall(width, D) grid ===
[nested] step 2000 loss 0.349
D\k       2      4      8     16     32
4     0.830  0.945  0.976  0.999  1.000
8     0.634  0.860  0.941  0.996  0.999
16    0.435  0.663  0.805  0.976  0.995
32    0.290  0.472  0.610  0.870  0.941
[nested] step 4000 loss 1.085
D\k       2      4      8     16     32
4     0.874  0.979  0.998  1.000  1.000
8     0.688  0.910  0.981  1.000  1.000
16    0.486  0.744  0.918  0.996  0.998
32    0.306  0.513  0.732  0.938  0.983
[nested] step 6000 loss 0.532
D\k       2      4      8     16     32
4     0.890  0.990  0.999  1.000  1.000
8     0.712  0.934  0.989  1.000  1.000
16    0.491  0.756  0.926  0.995  0.999
32    0.343  0.564  0.765  0.957  0.989
[nested] FINAL (1566s):
D\k       2      4      8     16     32
4     0.884  0.984  0.999  1.000  1.000
8     0.698  0.924  0.989  1.000  1.000
16    0.494  0.760  0.930  0.995  0.999
32    0.322  0.544  0.763  0.956  0.988

===== E6 STALE SWEEP — (a) cold-only stale (dims>8, hot fresh) =====
--- stale c=1 ---
D\k      16     32
4     1.000  1.000
8     0.999  1.000
16    0.994  0.999
32    0.951  0.981
    age(D=16,k=32): 1-4:1.00  5-8:1.00  9-16:1.00  17-32:1.00  33-+:0.99
    age(D=32,k=32): 1-4:1.00  5-8:0.99  9-16:0.99  17-32:0.98  33-+:0.96
--- stale c=2 ---
D\k      16     32
4     0.999  0.995
8     0.997  0.991
16    0.991  0.984
32    0.948  0.965
    age(D=16,k=32): 1-4:0.96  5-8:1.00  9-16:1.00  17-32:1.00  33-+:0.99
    age(D=32,k=32): 1-4:0.93  5-8:0.99  9-16:0.99  17-32:0.97  33-+:0.96
--- stale c=4 ---
D\k      16     32
4     0.999  0.990
8     0.994  0.980
16    0.983  0.968
32    0.941  0.942
    age(D=16,k=32): 1-4:0.91  5-8:1.00  9-16:1.00  17-32:1.00  33-+:1.00
    age(D=32,k=32): 1-4:0.87  5-8:0.99  9-16:0.98  17-32:0.97  33-+:0.94
--- stale c=8 ---
D\k      16     32
4     0.996  0.980
8     0.986  0.956
16    0.966  0.937
32    0.920  0.916
    age(D=16,k=32): 1-4:0.86  5-8:0.93  9-16:1.00  17-32:0.99  33-+:0.99
    age(D=32,k=32): 1-4:0.78  5-8:0.89  9-16:0.97  17-32:0.96  33-+:0.93
--- stale c=16 ---
D\k      16     32
4     0.997  0.987
8     0.979  0.946
16    0.945  0.905
32    0.894  0.864
    age(D=16,k=32): 1-4:0.86  5-8:0.85  9-16:0.91  17-32:0.99  33-+:0.99
    age(D=32,k=32): 1-4:0.80  5-8:0.78  9-16:0.87  17-32:0.94  33-+:0.91

===== E6 STALE SWEEP — (c1) ALL state stale, conv fresh, exact-corr [Config B] =====
--- stale c=1 ---
D\k      16     32
4     1.000  1.000
8     0.999  1.000
16    0.993  0.997
32    0.954  0.978
    age(D=16,k=32): 1-4:1.00  5-8:1.00  9-16:1.00  17-32:1.00  33-+:1.00
    age(D=32,k=32): 1-4:1.00  5-8:0.99  9-16:0.98  17-32:0.98  33-+:0.96
--- stale c=2 ---
D\k      16     32
4     0.974  0.974
8     0.964  0.964
16    0.960  0.963
32    0.924  0.948
    age(D=16,k=32): 1-4:0.88  5-8:1.00  9-16:1.00  17-32:1.00  33-+:1.00
    age(D=32,k=32): 1-4:0.87  5-8:0.99  9-16:0.99  17-32:0.97  33-+:0.96
--- stale c=4 ---
D\k      16     32
4     0.808  0.808
8     0.808  0.808
16    0.832  0.836
32    0.839  0.867
    age(D=16,k=32): 1-4:0.49  5-8:1.00  9-16:1.00  17-32:1.00  33-+:1.00
    age(D=32,k=32): 1-4:0.48  5-8:0.99  9-16:0.98  17-32:0.97  33-+:0.96
--- stale c=8 ---
D\k      16     32
4     0.543  0.543
8     0.602  0.602
16    0.686  0.690
32    0.750  0.774
    age(D=16,k=32): 1-4:0.18  5-8:0.71  9-16:1.00  17-32:0.99  33-+:0.98
    age(D=32,k=32): 1-4:0.20  5-8:0.77  9-16:0.99  17-32:0.98  33-+:0.96
--- stale c=16 ---
D\k      16     32
4     0.276  0.276
8     0.347  0.346
16    0.486  0.492
32    0.611  0.634
    age(D=16,k=32): 1-4:0.06  5-8:0.25  9-16:0.66  17-32:0.99  33-+:0.98
    age(D=32,k=32): 1-4:0.08  5-8:0.31  9-16:0.68  17-32:0.97  33-+:0.95
