device=cuda mode=delta widths=[2, 4, 8, 16, 32] head_dim=32 layers=2 heads=1 Ds=[4, 8, 16, 32]

=== FIXED-ONLY baseline width=32 (delta) ===
[fixed32] step 2000 loss 0.004
D\k      32
4     1.000
8     0.999
16    0.992
32    0.956
[fixed32] step 4000 loss 0.035
D\k      32
4     1.000
8     0.999
16    0.999
32    0.987
[fixed32] step 6000 loss 0.005
D\k      32
4     1.000
8     1.000
16    0.999
32    0.991
[fixed32] FINAL (707s):
D\k      32
4     1.000
8     1.000
16    0.999
32    0.990

===== E6 STALE SWEEP — (a) cold-only stale (dims>8, hot fresh) =====
--- stale c=1 ---
D\k      32
4     0.985
8     0.990
16    0.993
32    0.988
    age(D=16,k=32): 1-4:0.74  5-8:1.00  9-16:1.00  17-32:1.00  33-+:1.00
    age(D=32,k=32): 1-4:0.73  5-8:1.00  9-16:1.00  17-32:0.99  33-+:0.99
--- stale c=2 ---
D\k      32
4     0.920
8     0.947
16    0.916
32    0.818
    age(D=16,k=32): 1-4:0.67  5-8:0.93  9-16:0.91  17-32:0.93  33-+:0.93
    age(D=32,k=32): 1-4:0.65  5-8:0.83  9-16:0.78  17-32:0.78  33-+:0.83
--- stale c=4 ---
D\k      32
4     0.578
8     0.313
16    0.050
32    0.022
    age(D=16,k=32): 1-4:0.04  5-8:0.05  9-16:0.04  17-32:0.04  33-+:0.08
    age(D=32,k=32): 1-4:0.01  5-8:0.01  9-16:0.02  17-32:0.02  33-+:0.02
--- stale c=8 ---
D\k      32
4     0.512
8     0.244
16    0.033
32    0.018
    age(D=16,k=32): 1-4:0.04  5-8:0.03  9-16:0.03  17-32:0.03  33-+:0.04
    age(D=32,k=32): 1-4:0.02  5-8:0.01  9-16:0.01  17-32:0.02  33-+:0.02
--- stale c=16 ---
D\k      32
4     0.616
8     0.570
16    0.097
32    0.016
    age(D=16,k=32): 1-4:0.06  5-8:0.07  9-16:0.10  17-32:0.11  33-+:0.10
    age(D=32,k=32): 1-4:0.02  5-8:0.03  9-16:0.01  17-32:0.02  33-+:0.02

===== E6 STALE SWEEP — (c1) ALL state stale, conv fresh, exact-corr [Config B] =====
--- stale c=1 ---
D\k      32
4     0.975
8     0.986
16    0.991
32    0.988
    age(D=16,k=32): 1-4:0.68  5-8:1.00  9-16:1.00  17-32:1.00  33-+:1.00
    age(D=32,k=32): 1-4:0.69  5-8:0.99  9-16:0.99  17-32:0.99  33-+:0.99
--- stale c=2 ---
D\k      32
4     0.969
8     0.984
16    0.992
32    0.988
    age(D=16,k=32): 1-4:0.65  5-8:1.00  9-16:1.00  17-32:1.00  33-+:1.00
    age(D=32,k=32): 1-4:0.63  5-8:1.00  9-16:0.99  17-32:0.99  33-+:0.99
--- stale c=4 ---
D\k      32
4     0.938
8     0.967
16    0.985
32    0.985
    age(D=16,k=32): 1-4:0.35  5-8:1.00  9-16:1.00  17-32:1.00  33-+:1.00
    age(D=32,k=32): 1-4:0.31  5-8:0.99  9-16:0.99  17-32:0.99  33-+:0.99
--- stale c=8 ---
D\k      32
4     0.880
8     0.938
16    0.972
32    0.977
    age(D=16,k=32): 1-4:0.32  5-8:0.70  9-16:1.00  17-32:1.00  33-+:1.00
    age(D=32,k=32): 1-4:0.40  5-8:0.72  9-16:0.99  17-32:0.99  33-+:0.99
--- stale c=16 ---
D\k      32
4     0.500
8     0.876
16    0.938
32    0.961
    age(D=16,k=32): 1-4:0.34  5-8:0.72  9-16:0.85  17-32:1.00  33-+:1.00
    age(D=32,k=32): 1-4:0.45  5-8:0.72  9-16:0.82  17-32:1.00  33-+:0.99
