device=cuda mode=blockdelta widths=[2, 4, 8, 16, 32] head_dim=32 layers=2 heads=1 Ds=[4, 8, 16, 32]

=== H1/H2: ONE nested model, recall(width, D) grid ===
[nested] step 1000 loss 2.378
D\k       2      4      8     16     32
4     0.244  0.257  0.258  0.260  0.266
8     0.123  0.143  0.147  0.146  0.148
16    0.074  0.088  0.094  0.094  0.096
32    0.038  0.046  0.047  0.054  0.052
[nested] step 2000 loss 1.688
D\k       2      4      8     16     32
4     0.271  0.276  0.489  0.982  0.997
8     0.182  0.179  0.274  0.912  0.992
16    0.098  0.097  0.160  0.697  0.951
32    0.078  0.077  0.114  0.405  0.776
[nested] step 3000 loss 1.053
D\k       2      4      8     16     32
4     0.279  0.276  0.475  0.989  1.000
8     0.169  0.168  0.281  0.949  0.999
16    0.103  0.105  0.174  0.735  0.985
32    0.057  0.056  0.094  0.431  0.852
[nested] step 4000 loss 0.933
D\k       2      4      8     16     32
4     0.286  0.284  0.655  0.997  1.000
8     0.162  0.162  0.424  0.965  1.000
16    0.101  0.103  0.230  0.791  0.985
32    0.068  0.069  0.148  0.511  0.909
[nested] step 5000 loss 1.875
D\k       2      4      8     16     32
4     0.259  0.259  0.865  0.999  0.999
8     0.177  0.174  0.664  0.982  1.000
16    0.111  0.111  0.369  0.855  0.994
32    0.072  0.072  0.211  0.571  0.931
[nested] step 6000 loss 1.826
D\k       2      4      8     16     32
4     0.273  0.271  0.901  0.998  1.000
8     0.165  0.166  0.707  0.976  1.000
16    0.111  0.110  0.403  0.879  0.995
32    0.074  0.075  0.222  0.584  0.939
[nested] FINAL (4353s):
D\k       2      4      8     16     32
4     0.260  0.262  0.903  1.000  1.000
8     0.166  0.164  0.690  0.983  1.000
16    0.117  0.116  0.414  0.884  0.994
32    0.071  0.070  0.218  0.596  0.938
