device=cuda mode=delta widths=[2, 4, 8, 16, 32] head_dim=32 layers=2 heads=1 Ds=[4, 8, 16, 32]

=== FIXED-ONLY baseline width=32 (delta) ===
[fixed32] step 1000 loss 0.011
D\k      32
4     0.997
8     0.991
16    0.982
32    0.865
[fixed32] step 2000 loss 0.004
D\k      32
4     0.999
8     0.998
16    0.997
32    0.962
[fixed32] step 3000 loss 0.001
D\k      32
4     0.999
8     0.999
16    0.997
32    0.977
[fixed32] FINAL (346s):
D\k      32
4     1.000
8     0.999
16    0.997
32    0.975

===== E6 STALE SWEEP — scope: cold-only (dims>8) =====
--- stale c=1 ---
D\k      32
4     0.980
8     0.988
16    0.991
32    0.973
--- stale c=2 ---
D\k      32
4     0.930
8     0.935
16    0.878
32    0.725
--- stale c=4 ---
D\k      32
4     0.547
8     0.285
16    0.040
32    0.018
--- stale c=8 ---
D\k      32
4     0.513
8     0.262
16    0.034
32    0.016
--- stale c=16 ---
D\k      32
4     0.555
8     0.570
16    0.148
32    0.018

===== E6 STALE SWEEP — scope: ALL dims (uniform chunking) =====
--- stale c=1 ---
D\k      32
4     0.972
8     0.984
16    0.991
32    0.977
--- stale c=2 ---
D\k      32
4     0.914
8     0.910
16    0.833
32    0.654
--- stale c=4 ---
D\k      32
4     0.529
8     0.239
16    0.029
32    0.015
--- stale c=8 ---
D\k      32
4     0.550
8     0.257
16    0.024
32    0.017
--- stale c=16 ---
D\k      32
4     0.362
8     0.696
16    0.101
32    0.016
