device=cuda mode=nesteddelta widths=[2, 4, 8, 16, 32] head_dim=32 layers=2 heads=1 Ds=[4, 8, 16, 32]

=== H1/H2: ONE nested model, recall(width, D) grid ===
[nested] step  500 loss 4.107
D\k       2      4      8     16     32
4     0.107  0.116  0.118  0.119  0.119
8     0.057  0.059  0.059  0.060  0.060
16    0.039  0.039  0.039  0.039  0.042
32    0.024  0.022  0.022  0.024  0.023
[nested] step 1000 loss 0.845
D\k       2      4      8     16     32
4     0.273  0.473  0.862  0.987  0.998
8     0.165  0.279  0.678  0.941  0.983
16    0.089  0.145  0.359  0.739  0.881
32    0.067  0.093  0.198  0.441  0.607
[nested] step 1500 loss 2.242
D\k       2      4      8     16     32
4     0.267  0.719  0.962  1.000  1.000
8     0.169  0.466  0.825  0.990  0.999
16    0.101  0.253  0.550  0.922  0.978
32    0.070  0.152  0.288  0.666  0.854
[nested] step 2000 loss 0.668
D\k       2      4      8     16     32
4     0.493  0.870  0.983  1.000  1.000
8     0.294  0.663  0.917  0.997  1.000
16    0.160  0.356  0.689  0.956  0.995
32    0.113  0.207  0.390  0.749  0.914
[nested] step 2500 loss 0.664
D\k       2      4      8     16     32
4     0.544  0.899  0.987  1.000  1.000
8     0.296  0.657  0.907  0.996  1.000
16    0.182  0.413  0.709  0.975  0.998
32    0.105  0.205  0.391  0.804  0.944
[nested] step 3000 loss 1.198
D\k       2      4      8     16     32
4     0.583  0.891  0.992  1.000  1.000
8     0.321  0.678  0.920  0.999  1.000
16    0.191  0.398  0.699  0.972  0.998
32    0.120  0.218  0.403  0.806  0.940
[nested] FINAL (3132s):
D\k       2      4      8     16     32
4     0.585  0.893  0.988  1.000  1.000
8     0.340  0.684  0.928  0.997  1.000
16    0.189  0.402  0.705  0.974  0.997
32    0.116  0.218  0.397  0.802  0.942
