device=cuda mode=delta widths=[2, 4, 8, 16, 32] head_dim=32 layers=2 heads=1 Ds=[4, 8, 16, 32]

=== FIXED-ONLY baseline width=32 (delta) ===
[fixed32] step 2000 loss 0.000
D\k      32
4     1.000
8     1.000
16    0.999
32    0.990
[fixed32] step 4000 loss 0.022
D\k      32
4     1.000
8     1.000
16    1.000
32    0.991
[fixed32] step 6000 loss 0.000
D\k      32
4     1.000
8     1.000
16    1.000
32    0.995
[fixed32] FINAL (546s):
D\k      32
4     1.000
8     1.000
16    1.000
32    0.994

===== E6 STALE SWEEP — (a) cold-only stale (dims>8, hot fresh) =====
--- stale c=1 ---
D\k      32
4     0.982
8     0.970
16    0.962
32    0.959
    age(D=16,k=32): 1-4:0.89  5-8:1.00  9-16:1.00  17-32:1.00  33-+:1.00
    age(D=32,k=32): 1-4:0.83  5-8:1.00  9-16:1.00  17-32:1.00  33-+:0.99
--- stale c=2 ---
D\k      32
4     0.969
8     0.956
16    0.949
32    0.945
    age(D=16,k=32): 1-4:0.85  5-8:1.00  9-16:1.00  17-32:1.00  33-+:1.00
    age(D=32,k=32): 1-4:0.79  5-8:1.00  9-16:1.00  17-32:0.99  33-+:0.98
--- stale c=4 ---
D\k      32
4     0.885
8     0.795
16    0.641
32    0.478
    age(D=16,k=32): 1-4:0.66  5-8:0.68  9-16:0.65  17-32:0.60  33-+:0.47
    age(D=32,k=32): 1-4:0.59  5-8:0.58  9-16:0.53  17-32:0.44  33-+:0.35
--- stale c=8 ---
D\k      32
4     0.832
8     0.718
16    0.520
32    0.327
    age(D=16,k=32): 1-4:0.62  5-8:0.59  9-16:0.58  17-32:0.39  33-+:0.16
    age(D=32,k=32): 1-4:0.54  5-8:0.45  9-16:0.45  17-32:0.24  33-+:0.05
--- stale c=16 ---
D\k      32
4     0.881
8     0.823
16    0.651
32    0.412
    age(D=16,k=32): 1-4:0.67  5-8:0.63  9-16:0.66  17-32:0.65  33-+:0.46
    age(D=32,k=32): 1-4:0.59  5-8:0.49  9-16:0.48  17-32:0.41  33-+:0.15

===== E6 STALE SWEEP — (c1) ALL state stale, conv fresh, exact-corr [Config B] =====
--- stale c=1 ---
D\k      32
4     0.891
8     0.875
16    0.880
32    0.895
    age(D=16,k=32): 1-4:0.62  5-8:1.00  9-16:1.00  17-32:1.00  33-+:1.00
    age(D=32,k=32): 1-4:0.56  5-8:1.00  9-16:1.00  17-32:1.00  33-+:0.99
--- stale c=2 ---
D\k      32
4     0.804
8     0.802
16    0.830
32    0.868
    age(D=16,k=32): 1-4:0.45  5-8:1.00  9-16:1.00  17-32:1.00  33-+:1.00
    age(D=32,k=32): 1-4:0.44  5-8:1.00  9-16:1.00  17-32:1.00  33-+:0.99
--- stale c=4 ---
D\k      32
4     0.762
8     0.755
16    0.788
32    0.841
    age(D=16,k=32): 1-4:0.32  5-8:1.00  9-16:1.00  17-32:1.00  33-+:1.00
    age(D=32,k=32): 1-4:0.29  5-8:1.00  9-16:1.00  17-32:1.00  33-+:0.99
--- stale c=8 ---
D\k      32
4     0.509
8     0.558
16    0.654
32    0.760
    age(D=16,k=32): 1-4:0.11  5-8:0.62  9-16:1.00  17-32:1.00  33-+:1.00
    age(D=32,k=32): 1-4:0.13  5-8:0.67  9-16:1.00  17-32:1.00  33-+:0.99
--- stale c=16 ---
D\k      32
4     0.257
8     0.328
16    0.476
32    0.631
    age(D=16,k=32): 1-4:0.04  5-8:0.21  9-16:0.62  17-32:1.00  33-+:1.00
    age(D=32,k=32): 1-4:0.05  5-8:0.27  9-16:0.65  17-32:1.00  33-+:0.99
