device=cuda mode=blockdelta widths=[2, 4, 8, 16, 32] head_dim=32 layers=2 heads=1 Ds=[4, 8, 16, 32]

=== H1/H2: ONE nested model, recall(width, D) grid ===
[nested] step  500 loss 4.179
D\k       2      4      8     16     32
4     0.015  0.017  0.017  0.022  0.021
8     0.016  0.014  0.014  0.016  0.017
16    0.015  0.014  0.013  0.016  0.014
32    0.018  0.018  0.016  0.016  0.015
[nested] step 1000 loss 2.376
D\k       2      4      8     16     32
4     0.262  0.264  0.263  0.261  0.265
8     0.138  0.152  0.152  0.155  0.152
16    0.078  0.088  0.090  0.091  0.091
32    0.041  0.051  0.052  0.052  0.050
[nested] step 1500 loss 3.572
D\k       2      4      8     16     32
4     0.261  0.264  0.379  0.756  0.904
8     0.167  0.163  0.217  0.499  0.762
16    0.102  0.103  0.125  0.286  0.498
32    0.066  0.070  0.079  0.146  0.257
[nested] step 2000 loss 1.562
D\k       2      4      8     16     32
4     0.276  0.274  0.765  0.983  0.990
8     0.171  0.169  0.470  0.935  0.989
16    0.094  0.098  0.228  0.754  0.946
32    0.073  0.070  0.148  0.443  0.778
[nested] step 2500 loss 1.496
D\k       2      4      8     16     32
4     0.283  0.314  0.792  0.991  0.996
8     0.165  0.183  0.503  0.958  0.994
16    0.114  0.115  0.253  0.840  0.981
32    0.064  0.062  0.135  0.537  0.865
[nested] step 3000 loss 1.911
D\k       2      4      8     16     32
4     0.266  0.448  0.859  0.992  0.997
8     0.152  0.262  0.597  0.974  0.994
16    0.109  0.140  0.315  0.860  0.983
32    0.077  0.099  0.170  0.545  0.872
[nested] FINAL (2007s):
D\k       2      4      8     16     32
4     0.274  0.468  0.852  0.992  0.996
8     0.165  0.257  0.574  0.972  0.995
16    0.107  0.156  0.321  0.860  0.981
32    0.070  0.091  0.167  0.561  0.879
