device=cuda mode=additive widths=[2, 4, 8, 16, 32] head_dim=32 layers=2 heads=1 Ds=[4, 8, 16, 32]

=== H1/H2: ONE nested model, recall(width, D) grid ===
[nested] step  500 loss 3.705
D\k       2      4      8     16     32
4     0.260  0.260  0.262  0.262  0.261
8     0.136  0.136  0.137  0.138  0.141
16    0.090  0.090  0.091  0.089  0.092
32    0.062  0.062  0.063  0.063  0.063
[nested] step 1000 loss 0.770
D\k       2      4      8     16     32
4     0.266  0.627  0.850  0.963  0.991
8     0.165  0.390  0.644  0.876  0.951
16    0.098  0.221  0.382  0.640  0.819
32    0.060  0.124  0.199  0.354  0.527
[nested] step 1500 loss 2.119
D\k       2      4      8     16     32
4     0.507  0.745  0.955  0.999  1.000
8     0.291  0.537  0.834  0.986  0.997
16    0.160  0.305  0.595  0.904  0.974
32    0.110  0.185  0.346  0.672  0.846
[nested] step 2000 loss 0.732
D\k       2      4      8     16     32
4     0.542  0.817  0.979  1.000  1.000
8     0.293  0.600  0.897  0.997  1.000
16    0.167  0.345  0.666  0.951  0.989
32    0.117  0.211  0.388  0.747  0.888
[nested] step 2500 loss 0.655
D\k       2      4      8     16     32
4     0.578  0.880  0.993  1.000  1.000
8     0.309  0.675  0.927  0.996  0.998
16    0.171  0.375  0.753  0.969  0.990
32    0.104  0.206  0.426  0.779  0.910
[nested] step 3000 loss 1.171
D\k       2      4      8     16     32
4     0.569  0.909  0.992  1.000  1.000
8     0.314  0.696  0.955  0.999  1.000
16    0.181  0.406  0.775  0.973  0.996
32    0.100  0.203  0.460  0.819  0.930
[nested] FINAL (508s):
D\k       2      4      8     16     32
4     0.585  0.913  0.992  1.000  1.000
8     0.307  0.689  0.946  0.997  0.999
16    0.178  0.399  0.772  0.973  0.993
32    0.108  0.212  0.463  0.816  0.936
