device=cuda mode=delta widths=[2, 4, 8, 16, 32] head_dim=32 layers=2 heads=1 Ds=[4, 8, 16, 32]

=== H1/H2: ONE nested model, recall(width, D) grid ===
[nested] step  500 loss 4.084
D\k       2      4      8     16     32
4     0.116  0.142  0.141  0.133  0.125
8     0.068  0.077  0.081  0.083  0.076
16    0.045  0.046  0.051  0.052  0.047
32    0.022  0.027  0.031  0.031  0.029
[nested] step 1000 loss 0.780
D\k       2      4      8     16     32
4     0.263  0.505  0.892  0.996  0.997
8     0.161  0.278  0.691  0.981  0.995
16    0.096  0.152  0.394  0.882  0.963
32    0.064  0.096  0.196  0.583  0.785
[nested] step 1500 loss 1.926
D\k       2      4      8     16     32
4     0.491  0.830  0.972  0.999  1.000
8     0.288  0.638  0.896  0.995  0.997
16    0.155  0.376  0.687  0.973  0.990
32    0.104  0.195  0.370  0.788  0.915
[nested] step 2000 loss 0.683
D\k       2      4      8     16     32
4     0.532  0.888  0.986  1.000  1.000
8     0.284  0.667  0.923  1.000  1.000
16    0.172  0.388  0.701  0.977  0.996
32    0.122  0.219  0.417  0.830  0.938
[nested] step 2500 loss 0.649
D\k       2      4      8     16     32
4     0.529  0.895  0.987  1.000  1.000
8     0.300  0.688  0.924  0.998  1.000
16    0.174  0.409  0.741  0.977  0.995
32    0.109  0.207  0.427  0.851  0.958
[nested] step 3000 loss 1.092
D\k       2      4      8     16     32
4     0.582  0.897  0.983  1.000  1.000
8     0.332  0.729  0.947  0.999  0.999
16    0.194  0.418  0.757  0.990  0.997
32    0.113  0.240  0.451  0.851  0.960
[nested] FINAL (642s):
D\k       2      4      8     16     32
4     0.594  0.908  0.991  1.000  1.000
8     0.347  0.710  0.938  0.999  1.000
16    0.191  0.432  0.753  0.985  0.997
32    0.114  0.224  0.446  0.853  0.962
