Warning: You are sending unauthenticated requests to the HF Hub. Please set a HF_TOKEN to enable higher rate limits and faster downloads.
[transformers] The fast path is not available because one of `(selective_state_update, causal_conv1d_fn, causal_conv1d_update)` is None. Falling back to the naive implementation. To install follow https://github.com/state-spaces/mamba/#installation and https://github.com/Dao-AILab/causal-conv1d
Loading weights:   0%|          | 0/341 [00:00<?, ?it/s]Loading weights: 100%|██████████| 341/341 [00:00<00:00, 5023.44it/s]
[fresh_zs3] model built (config=retro_fresh ckpt=nemo9b_rot_p4long.pt c=16 pb=32 lag=0 cold_bf16=0 bs=4 limit=1000)
`pretrained` model kwarg is not of type `str`. Many other model arguments may be ignored. Please do not launch via accelerate or use `parallelize=True` if passing an existing model this way.
Passed an already-initialized model through `pretrained`, assuming single-process call to evaluate() or custom distributed integration
[Task: boolq] metric acc is defined, but aggregation is not. using default aggregation=mean
[Task: boolq] metric acc is defined, but higher_is_better is not. using default higher_is_better=True
Generating train split:   0%|          | 0/9427 [00:00<?, ? examples/s]Generating train split: 100%|██████████| 9427/9427 [00:00<00:00, 527435.15 examples/s]
Generating validation split:   0%|          | 0/3270 [00:00<?, ? examples/s]Generating validation split: 100%|██████████| 3270/3270 [00:00<00:00, 584827.48 examples/s]
Generating test split:   0%|          | 0/3245 [00:00<?, ? examples/s]Generating test split: 100%|██████████| 3245/3245 [00:00<00:00, 560011.38 examples/s]
Traceback (most recent call last):
  File "/home/omin/nested_ssm/scale/nemo9b_lmeval.py", line 104, in <module>
    main()
  File "/home/omin/nested_ssm/scale/nemo9b_lmeval.py", line 88, in main
    results = lm_eval.simple_evaluate(model=lm, tasks=args.tasks, limit=args.limit,
              ^^^^^^^^^^^^^^^^^^^^^^^^^^^^^^^^^^^^^^^^^^^^^^^^^^^^^^^^^^^^^^^^^^^^^
  File "/home/omin/nemo_env/lib/python3.12/site-packages/lm_eval/utils.py", line 575, in _wrapper
    return fn(*args, **kwargs)
           ^^^^^^^^^^^^^^^^^^^
  File "/home/omin/nemo_env/lib/python3.12/site-packages/lm_eval/evaluator.py", line 302, in simple_evaluate
    loaded = task_manager.load(tasks)
             ^^^^^^^^^^^^^^^^^^^^^^^^
  File "/home/omin/nemo_env/lib/python3.12/site-packages/lm_eval/tasks/manager.py", line 208, in load
    obj = self._load_spec(spec) if not isinstance(spec, (Task, Group)) else spec  # type:ignore[invalid-argument-type]
          ^^^^^^^^^^^^^^^^^^^^^
  File "/home/omin/nemo_env/lib/python3.12/site-packages/lm_eval/tasks/manager.py", line 154, in _load_spec
    return self._factory.build(
           ^^^^^^^^^^^^^^^^^^^^
  File "/home/omin/nemo_env/lib/python3.12/site-packages/lm_eval/tasks/_factory.py", line 61, in build
    return self._build_task(entry, overrides)
           ^^^^^^^^^^^^^^^^^^^^^^^^^^^^^^^^^^
  File "/home/omin/nemo_env/lib/python3.12/site-packages/lm_eval/tasks/_factory.py", line 81, in _build_task
    obj = ConfigurableTask(config=cfg)
          ^^^^^^^^^^^^^^^^^^^^^^^^^^^^
  File "/home/omin/nemo_env/lib/python3.12/site-packages/lm_eval/api/task.py", line 753, in __init__
    self.download(self.config.dataset_kwargs)
  File "/home/omin/nemo_env/lib/python3.12/site-packages/lm_eval/api/task.py", line 869, in download
    self.dataset = datasets.load_dataset(
                   ^^^^^^^^^^^^^^^^^^^^^^
  File "/usr/local/lib/python3.12/dist-packages/datasets/load.py", line 1397, in load_dataset
    builder_instance = load_dataset_builder(
                       ^^^^^^^^^^^^^^^^^^^^^
  File "/usr/local/lib/python3.12/dist-packages/datasets/load.py", line 1137, in load_dataset_builder
    dataset_module = dataset_module_factory(
                     ^^^^^^^^^^^^^^^^^^^^^^^
  File "/usr/local/lib/python3.12/dist-packages/datasets/load.py", line 1036, in dataset_module_factory
    raise e1 from None
  File "/usr/local/lib/python3.12/dist-packages/datasets/load.py", line 994, in dataset_module_factory
    raise RuntimeError(f"Dataset scripts are no longer supported, but found {filename}")
RuntimeError: Dataset scripts are no longer supported, but found social_i_qa.py
