/usr/local/lib/python3.12/dist-packages/torch/library.py:356: UserWarning: Warning only once for all operators,  other operators may also be overridden.
  Overriding a previously registered kernel for the same operator and the same dispatch key
  operator: flash_attn::_flash_attn_backward(Tensor dout, Tensor q, Tensor k, Tensor v, Tensor out, Tensor softmax_lse, Tensor(a6!)? dq, Tensor(a7!)? dk, Tensor(a8!)? dv, float dropout_p, float softmax_scale, bool causal, SymInt window_size_left, SymInt window_size_right, float softcap, Tensor? alibi_slopes, bool deterministic, Tensor? rng_state=None) -> Tensor
    registered at /usr/local/lib/python3.12/dist-packages/torch/_library/custom_ops.py:922
  dispatch key: ADInplaceOrView
  previous kernel: no debug info
       new kernel: registered at /usr/local/lib/python3.12/dist-packages/torch/_library/custom_ops.py:922 (Triggered internally at /opt/pytorch/pytorch/aten/src/ATen/core/dispatch/OperatorEntry.cpp:208.)
  self.m.impl(
training nested [8, 16, 32, 64] | Ds=[8, 16, 32, 64] vocab=385
step 6000 loss 0.039
D\k       8     16     32     64
8     0.998  1.000  1.000  1.000
16    0.994  0.999  1.000  1.000
32    0.965  0.993  0.998  0.999
64    0.852  0.962  0.987  0.992
FINAL (140s):
D\k       8     16     32     64
8     0.999  1.000  1.000  1.000
16    0.995  1.000  1.000  1.000
32    0.965  0.995  0.999  1.000
64    0.852  0.961  0.985  0.993
saved gdn_a4_nested_s1.pt
