/usr/local/lib/python3.12/dist-packages/torch/library.py:356: UserWarning: Warning only once for all operators,  other operators may also be overridden.
  Overriding a previously registered kernel for the same operator and the same dispatch key
  operator: flash_attn::_flash_attn_backward(Tensor dout, Tensor q, Tensor k, Tensor v, Tensor out, Tensor softmax_lse, Tensor(a6!)? dq, Tensor(a7!)? dk, Tensor(a8!)? dv, float dropout_p, float softmax_scale, bool causal, SymInt window_size_left, SymInt window_size_right, float softcap, Tensor? alibi_slopes, bool deterministic, Tensor? rng_state=None) -> Tensor
    registered at /usr/local/lib/python3.12/dist-packages/torch/_library/custom_ops.py:922
  dispatch key: ADInplaceOrView
  previous kernel: no debug info
       new kernel: registered at /usr/local/lib/python3.12/dist-packages/torch/_library/custom_ops.py:922 (Triggered internally at /opt/pytorch/pytorch/aten/src/ATen/core/dispatch/OperatorEntry.cpp:208.)
  self.m.impl(
[gla-nested] 35.4M params
Traceback (most recent call last):
  File "/usr/local/lib/python3.12/dist-packages/triton/language/core.py", line 43, in wrapper
    return fn(*args, **kwargs)
           ^^^^^^^^^^^^^^^^^^^
  File "/usr/local/lib/python3.12/dist-packages/triton/language/core.py", line 2021, in dot
    return _semantic.dot(input, other, acc, input_precision, max_num_imprecise_acc, out_dtype)
           ^^^^^^^^^^^^^^^^^^^^^^^^^^^^^^^^^^^^^^^^^^^^^^^^^^^^^^^^^^^^^^^^^^^^^^^^^^^^^^^^^^^
  File "/usr/local/lib/python3.12/dist-packages/triton/language/semantic.py", line 1484, in dot
    assert lhs.dtype == rhs.dtype, f"Both operands must be same dtype. Got {lhs.dtype} and {rhs.dtype}"
           ^^^^^^^^^^^^^^^^^^^^^^
AssertionError: Both operands must be same dtype. Got fp32 and bf16

The above exception was the direct cause of the following exception:

Traceback (most recent call last):
  File "/home/omin/TTT-PNM/scale/gla_lm.py", line 140, in <module>
    main()
  File "/home/omin/TTT-PNM/scale/gla_lm.py", line 125, in main
    logits = model(x, width=ws)
             ^^^^^^^^^^^^^^^^^^
  File "/usr/local/lib/python3.12/dist-packages/torch/nn/modules/module.py", line 1783, in _wrapped_call_impl
    return self._call_impl(*args, **kwargs)
           ^^^^^^^^^^^^^^^^^^^^^^^^^^^^^^^^
  File "/usr/local/lib/python3.12/dist-packages/torch/nn/modules/module.py", line 1794, in _call_impl
    return forward_call(*args, **kwargs)
           ^^^^^^^^^^^^^^^^^^^^^^^^^^^^^
  File "/home/omin/TTT-PNM/scale/gla_lm.py", line 75, in forward
    x = b(x)
        ^^^^
  File "/usr/local/lib/python3.12/dist-packages/torch/nn/modules/module.py", line 1783, in _wrapped_call_impl
    return self._call_impl(*args, **kwargs)
           ^^^^^^^^^^^^^^^^^^^^^^^^^^^^^^^^
  File "/usr/local/lib/python3.12/dist-packages/torch/nn/modules/module.py", line 1794, in _call_impl
    return forward_call(*args, **kwargs)
           ^^^^^^^^^^^^^^^^^^^^^^^^^^^^^
  File "/home/omin/TTT-PNM/scale/gla_lm.py", line 54, in forward
    x = x + self.attn(self.n1(x))
            ^^^^^^^^^^^^^^^^^^^^^
  File "/usr/local/lib/python3.12/dist-packages/torch/nn/modules/module.py", line 1783, in _wrapped_call_impl
    return self._call_impl(*args, **kwargs)
           ^^^^^^^^^^^^^^^^^^^^^^^^^^^^^^^^
  File "/usr/local/lib/python3.12/dist-packages/torch/nn/modules/module.py", line 1794, in _call_impl
    return forward_call(*args, **kwargs)
           ^^^^^^^^^^^^^^^^^^^^^^^^^^^^^
  File "/home/omin/TTT-PNM/scale/gla_lm.py", line 34, in masked_gla_forward
    o, _ = chunk_gla(q=q, k=k, v=v, g=gk, initial_state=None,
           ^^^^^^^^^^^^^^^^^^^^^^^^^^^^^^^^^^^^^^^^^^^^^^^^^^
  File "/usr/local/lib/python3.12/dist-packages/torch/_dynamo/eval_frame.py", line 1136, in _fn
    return fn(*args, **kwargs)
           ^^^^^^^^^^^^^^^^^^^
  File "/home/omin/.local/lib/python3.12/site-packages/fla/ops/gla/chunk.py", line 1432, in chunk_gla
    o, final_state = ChunkGLAFunction.apply(
                     ^^^^^^^^^^^^^^^^^^^^^^^
  File "/usr/local/lib/python3.12/dist-packages/torch/autograd/function.py", line 583, in apply
    return super().apply(*args, **kwargs)  # type: ignore[misc]
           ^^^^^^^^^^^^^^^^^^^^^^^^^^^^^^
  File "/home/omin/.local/lib/python3.12/site-packages/fla/utils/_decorators.py", line 152, in wrapper
    return fn(*processed_args, **processed_kwargs)
           ^^^^^^^^^^^^^^^^^^^^^^^^^^^^^^^^^^^^^^^
  File "/home/omin/.local/lib/python3.12/site-packages/fla/ops/gla/chunk.py", line 1289, in forward
    g_cumsum, A, _, ht, o = chunk_gla_fwd(
                            ^^^^^^^^^^^^^^
  File "/home/omin/.local/lib/python3.12/site-packages/fla/ops/gla/chunk.py", line 1117, in chunk_gla_fwd
    h, ht = chunk_fwd_h(
            ^^^^^^^^^^^^
  File "/home/omin/.local/lib/python3.12/site-packages/fla/ops/common/chunk_h.py", line 325, in chunk_fwd_h
    chunk_fwd_kernel_h[grid](
  File "/usr/local/lib/python3.12/dist-packages/triton/runtime/jit.py", line 419, in <lambda>
    return lambda *args, **kwargs: self.run(grid=grid, warmup=False, *args, **kwargs)
                                   ^^^^^^^^^^^^^^^^^^^^^^^^^^^^^^^^^^^^^^^^^^^^^^^^^^
  File "/usr/local/lib/python3.12/dist-packages/triton/runtime/autotuner.py", line 452, in run
    return self.fn.run(*args, **kwargs)
           ^^^^^^^^^^^^^^^^^^^^^^^^^^^^
  File "/usr/local/lib/python3.12/dist-packages/triton/runtime/autotuner.py", line 236, in run
    used_cached_result = self.check_disk_cache(key, pruned_configs, benchmark)
                         ^^^^^^^^^^^^^^^^^^^^^^^^^^^^^^^^^^^^^^^^^^^^^^^^^^^^^
  File "/usr/local/lib/python3.12/dist-packages/triton/runtime/autotuner.py", line 200, in check_disk_cache
    bench_fn()
  File "/usr/local/lib/python3.12/dist-packages/triton/runtime/autotuner.py", line 227, in benchmark
    timings = {config: self._bench(*args, config=config, **kwargs) for config in pruned_configs}
                       ^^^^^^^^^^^^^^^^^^^^^^^^^^^^^^^^^^^^^^^^^^^
  File "/usr/local/lib/python3.12/dist-packages/triton/runtime/autotuner.py", line 162, in _bench
    return self.do_bench(kernel_call, quantiles=(0.5, 0.2, 0.8))
           ^^^^^^^^^^^^^^^^^^^^^^^^^^^^^^^^^^^^^^^^^^^^^^^^^^^^^
  File "/usr/local/lib/python3.12/dist-packages/triton/testing.py", line 149, in do_bench
    fn()
  File "/usr/local/lib/python3.12/dist-packages/triton/runtime/autotuner.py", line 148, in kernel_call
    self.fn.run(
  File "/usr/local/lib/python3.12/dist-packages/triton/runtime/jit.py", line 733, in run
    kernel = self._do_compile(key, signature, device, constexprs, options, attrs, warmup)
             ^^^^^^^^^^^^^^^^^^^^^^^^^^^^^^^^^^^^^^^^^^^^^^^^^^^^^^^^^^^^^^^^^^^^^^^^^^^^
  File "/usr/local/lib/python3.12/dist-packages/triton/runtime/jit.py", line 861, in _do_compile
    kernel = self.compile(src, target=target, options=options.__dict__)
             ^^^^^^^^^^^^^^^^^^^^^^^^^^^^^^^^^^^^^^^^^^^^^^^^^^^^^^^^^^
  File "/usr/local/lib/python3.12/dist-packages/triton/compiler/compiler.py", line 300, in compile
    module = src.make_ir(target, options, codegen_fns, module_map, context)
             ^^^^^^^^^^^^^^^^^^^^^^^^^^^^^^^^^^^^^^^^^^^^^^^^^^^^^^^^^^^^^^
  File "/usr/local/lib/python3.12/dist-packages/triton/compiler/compiler.py", line 80, in make_ir
    return ast_to_ttir(self.fn, self, context=context, options=options, codegen_fns=codegen_fns,
           ^^^^^^^^^^^^^^^^^^^^^^^^^^^^^^^^^^^^^^^^^^^^^^^^^^^^^^^^^^^^^^^^^^^^^^^^^^^^^^^^^^^^^
triton.compiler.errors.CompilationError: at 110:15:

        # vector decay, h = h @ Diag(gv)
        if USE_GV:
            p_gv = tl.make_block_ptr(gv + (bos*H + i_h) * V, (T, V), (H*V, 1), (i_t * BT, i_v * BV), (BT, BV), (1, 0))
            p_gv_last = gv + (bos + last_idx) * H*V + i_h * V + i_v * BV + tl.arange(0, BV)

            b_gv_last = tl.load(p_gv_last, mask=(i_v * BV + tl.arange(0, BV) < V), other=0.)
            b_gv = tl.load(p_gv, boundary_check=(0, 1))
            b_h *= exp2(b_gv_last)[None, :]
            b_v = (b_v * exp2(b_gv_last[None, :] - b_gv)).to(b_v.dtype)

        b_h += tl.dot(b_k, b_v)
               ^
Both operands must be same dtype. Got fp32 and bf16
